mode: set
github.com/mv-orchestration/scheduler/algorithms/random/random.go:15.52,19.2 1 1
github.com/mv-orchestration/scheduler/algorithms/random/random.go:21.34,23.2 1 1
github.com/mv-orchestration/scheduler/algorithms/random/random.go:25.68,28.2 2 1
github.com/mv-orchestration/scheduler/algorithms/random/random.go:31.62,34.24 2 1
github.com/mv-orchestration/scheduler/algorithms/random/random.go:39.2,40.42 2 1
github.com/mv-orchestration/scheduler/algorithms/random/random.go:34.24,37.3 2 1
github.com/mv-orchestration/scheduler/algorithms/location/location.go:25.51,35.2 1 1
github.com/mv-orchestration/scheduler/algorithms/location/location.go:37.37,39.2 1 1
github.com/mv-orchestration/scheduler/algorithms/location/location.go:43.75,47.31 3 1
github.com/mv-orchestration/scheduler/algorithms/location/location.go:52.2,53.60 2 1
github.com/mv-orchestration/scheduler/algorithms/location/location.go:61.2,61.18 1 1
github.com/mv-orchestration/scheduler/algorithms/location/location.go:47.31,50.3 2 1
github.com/mv-orchestration/scheduler/algorithms/location/location.go:53.60,56.3 2 1
github.com/mv-orchestration/scheduler/algorithms/location/location.go:56.8,59.3 1 1
github.com/mv-orchestration/scheduler/algorithms/location/location.go:66.60,74.2 1 1
github.com/mv-orchestration/scheduler/algorithms/location/location.go:76.61,78.21 2 1
github.com/mv-orchestration/scheduler/algorithms/location/location.go:85.2,91.55 4 1
github.com/mv-orchestration/scheduler/algorithms/location/location.go:98.2,98.64 1 1
github.com/mv-orchestration/scheduler/algorithms/location/location.go:103.2,103.75 1 1
github.com/mv-orchestration/scheduler/algorithms/location/location.go:79.18,80.42 1 1
github.com/mv-orchestration/scheduler/algorithms/location/location.go:81.19,82.43 1 1
github.com/mv-orchestration/scheduler/algorithms/location/location.go:91.55,93.3 1 1
github.com/mv-orchestration/scheduler/algorithms/location/location.go:93.8,93.38 1 1
github.com/mv-orchestration/scheduler/algorithms/location/location.go:93.38,96.3 1 1
github.com/mv-orchestration/scheduler/algorithms/location/location.go:98.64,100.3 1 1
github.com/mv-orchestration/scheduler/algorithms/location/location.go:106.64,107.44 1 1
github.com/mv-orchestration/scheduler/algorithms/location/location.go:111.2,111.47 1 1
github.com/mv-orchestration/scheduler/algorithms/location/location.go:115.2,115.49 1 1
github.com/mv-orchestration/scheduler/algorithms/location/location.go:119.2,119.58 1 1
github.com/mv-orchestration/scheduler/algorithms/location/location.go:107.44,109.3 1 1
github.com/mv-orchestration/scheduler/algorithms/location/location.go:111.47,113.3 1 1
github.com/mv-orchestration/scheduler/algorithms/location/location.go:115.49,117.3 1 1
github.com/mv-orchestration/scheduler/algorithms/location/location.go:122.73,129.105 5 1
github.com/mv-orchestration/scheduler/algorithms/location/location.go:133.2,133.78 1 1
github.com/mv-orchestration/scheduler/algorithms/location/location.go:129.105,131.3 1 1
github.com/mv-orchestration/scheduler/algorithms/location/location.go:138.53,141.32 2 1
github.com/mv-orchestration/scheduler/algorithms/location/location.go:151.2,152.41 2 1
github.com/mv-orchestration/scheduler/algorithms/location/location.go:141.32,143.17 2 1
github.com/mv-orchestration/scheduler/algorithms/location/location.go:147.3,148.36 2 1
github.com/mv-orchestration/scheduler/algorithms/location/location.go:143.17,145.4 1 0
github.com/mv-orchestration/scheduler/algorithms/location/location.go:155.56,158.42 2 1
github.com/mv-orchestration/scheduler/algorithms/location/location.go:167.2,168.41 2 1
github.com/mv-orchestration/scheduler/algorithms/location/location.go:158.42,160.17 2 1
github.com/mv-orchestration/scheduler/algorithms/location/location.go:164.3,164.48 1 1
github.com/mv-orchestration/scheduler/algorithms/location/location.go:160.17,162.4 1 1
github.com/mv-orchestration/scheduler/algorithms/location/location.go:171.58,175.43 3 1
github.com/mv-orchestration/scheduler/algorithms/location/location.go:181.2,182.41 2 1
github.com/mv-orchestration/scheduler/algorithms/location/location.go:175.43,176.69 1 1
github.com/mv-orchestration/scheduler/algorithms/location/location.go:176.69,178.4 1 1
github.com/mv-orchestration/scheduler/algorithms/location/location.go:187.139,201.2 2 1
github.com/mv-orchestration/scheduler/algorithms/location/location.go:203.116,204.30 1 1
github.com/mv-orchestration/scheduler/algorithms/location/location.go:204.30,206.17 2 1
github.com/mv-orchestration/scheduler/algorithms/location/location.go:210.3,210.48 1 1
github.com/mv-orchestration/scheduler/algorithms/location/location.go:215.3,216.42 2 1
github.com/mv-orchestration/scheduler/algorithms/location/location.go:206.17,208.12 1 0
github.com/mv-orchestration/scheduler/algorithms/location/location.go:210.48,212.12 1 0
github.com/mv-orchestration/scheduler/algorithms/location/location.go:220.94,221.36 1 1
github.com/mv-orchestration/scheduler/algorithms/location/location.go:221.36,223.17 2 1
github.com/mv-orchestration/scheduler/algorithms/location/location.go:227.3,227.42 1 1
github.com/mv-orchestration/scheduler/algorithms/location/location.go:223.17,225.12 1 1
github.com/mv-orchestration/scheduler/algorithms/location/location.go:231.50,232.57 1 1
github.com/mv-orchestration/scheduler/algorithms/location/location.go:236.2,236.58 1 1
github.com/mv-orchestration/scheduler/algorithms/location/location.go:240.2,240.11 1 1
github.com/mv-orchestration/scheduler/algorithms/location/location.go:232.57,234.3 1 1
github.com/mv-orchestration/scheduler/algorithms/location/location.go:236.58,238.3 1 1
github.com/mv-orchestration/scheduler/algorithms/location/location.go:243.53,248.2 4 1
github.com/mv-orchestration/scheduler/algorithms/location/location.go:250.77,251.70 1 1
github.com/mv-orchestration/scheduler/algorithms/location/location.go:255.2,255.71 1 1
github.com/mv-orchestration/scheduler/algorithms/location/location.go:259.2,259.95 1 1
github.com/mv-orchestration/scheduler/algorithms/location/location.go:251.70,253.3 1 0
github.com/mv-orchestration/scheduler/algorithms/location/location.go:255.71,257.3 1 1
github.com/mv-orchestration/scheduler/algorithms/location/location.go:262.44,264.21 2 1
github.com/mv-orchestration/scheduler/algorithms/location/location.go:267.2,267.13 1 1
github.com/mv-orchestration/scheduler/algorithms/location/location.go:264.21,266.3 1 1
github.com/mv-orchestration/scheduler/algorithms/naivelocation/naivelocation.go:25.51,35.2 1 1
github.com/mv-orchestration/scheduler/algorithms/naivelocation/naivelocation.go:37.42,39.2 1 1
github.com/mv-orchestration/scheduler/algorithms/naivelocation/naivelocation.go:43.80,47.31 3 1
github.com/mv-orchestration/scheduler/algorithms/naivelocation/naivelocation.go:52.2,53.60 2 1
github.com/mv-orchestration/scheduler/algorithms/naivelocation/naivelocation.go:61.2,61.18 1 1
github.com/mv-orchestration/scheduler/algorithms/naivelocation/naivelocation.go:47.31,50.3 2 1
github.com/mv-orchestration/scheduler/algorithms/naivelocation/naivelocation.go:53.60,56.3 2 1
github.com/mv-orchestration/scheduler/algorithms/naivelocation/naivelocation.go:56.8,59.3 1 1
github.com/mv-orchestration/scheduler/algorithms/naivelocation/naivelocation.go:66.66,68.21 2 1
github.com/mv-orchestration/scheduler/algorithms/naivelocation/naivelocation.go:75.2,81.55 4 1
github.com/mv-orchestration/scheduler/algorithms/naivelocation/naivelocation.go:88.2,88.64 1 1
github.com/mv-orchestration/scheduler/algorithms/naivelocation/naivelocation.go:93.2,93.55 1 1
github.com/mv-orchestration/scheduler/algorithms/naivelocation/naivelocation.go:69.18,70.42 1 1
github.com/mv-orchestration/scheduler/algorithms/naivelocation/naivelocation.go:71.19,72.43 1 1
github.com/mv-orchestration/scheduler/algorithms/naivelocation/naivelocation.go:81.55,83.3 1 1
github.com/mv-orchestration/scheduler/algorithms/naivelocation/naivelocation.go:83.8,83.38 1 1
github.com/mv-orchestration/scheduler/algorithms/naivelocation/naivelocation.go:83.38,86.3 1 1
github.com/mv-orchestration/scheduler/algorithms/naivelocation/naivelocation.go:88.64,90.3 1 1
github.com/mv-orchestration/scheduler/algorithms/naivelocation/naivelocation.go:96.69,97.44 1 1
github.com/mv-orchestration/scheduler/algorithms/naivelocation/naivelocation.go:101.2,101.47 1 1
github.com/mv-orchestration/scheduler/algorithms/naivelocation/naivelocation.go:105.2,105.49 1 1
github.com/mv-orchestration/scheduler/algorithms/naivelocation/naivelocation.go:109.2,109.58 1 1
github.com/mv-orchestration/scheduler/algorithms/naivelocation/naivelocation.go:97.44,99.3 1 1
github.com/mv-orchestration/scheduler/algorithms/naivelocation/naivelocation.go:101.47,103.3 1 1
github.com/mv-orchestration/scheduler/algorithms/naivelocation/naivelocation.go:105.49,107.3 1 1
github.com/mv-orchestration/scheduler/algorithms/naivelocation/naivelocation.go:112.78,119.98 5 1
github.com/mv-orchestration/scheduler/algorithms/naivelocation/naivelocation.go:123.2,123.78 1 1
github.com/mv-orchestration/scheduler/algorithms/naivelocation/naivelocation.go:119.98,121.3 1 1
github.com/mv-orchestration/scheduler/algorithms/naivelocation/naivelocation.go:128.58,131.32 2 1
github.com/mv-orchestration/scheduler/algorithms/naivelocation/naivelocation.go:141.2,142.41 2 1
github.com/mv-orchestration/scheduler/algorithms/naivelocation/naivelocation.go:131.32,133.17 2 1
github.com/mv-orchestration/scheduler/algorithms/naivelocation/naivelocation.go:137.3,138.36 2 1
github.com/mv-orchestration/scheduler/algorithms/naivelocation/naivelocation.go:133.17,135.4 1 0
github.com/mv-orchestration/scheduler/algorithms/naivelocation/naivelocation.go:145.61,148.42 2 1
github.com/mv-orchestration/scheduler/algorithms/naivelocation/naivelocation.go:157.2,158.41 2 1
github.com/mv-orchestration/scheduler/algorithms/naivelocation/naivelocation.go:148.42,150.17 2 1
github.com/mv-orchestration/scheduler/algorithms/naivelocation/naivelocation.go:154.3,154.48 1 1
github.com/mv-orchestration/scheduler/algorithms/naivelocation/naivelocation.go:150.17,152.4 1 1
github.com/mv-orchestration/scheduler/algorithms/naivelocation/naivelocation.go:161.63,165.43 3 1
github.com/mv-orchestration/scheduler/algorithms/naivelocation/naivelocation.go:171.2,172.41 2 1
github.com/mv-orchestration/scheduler/algorithms/naivelocation/naivelocation.go:165.43,166.69 1 1
github.com/mv-orchestration/scheduler/algorithms/naivelocation/naivelocation.go:166.69,168.4 1 1
github.com/mv-orchestration/scheduler/algorithms/naivelocation/naivelocation.go:177.108,187.2 2 1
github.com/mv-orchestration/scheduler/algorithms/naivelocation/naivelocation.go:189.121,190.30 1 1
github.com/mv-orchestration/scheduler/algorithms/naivelocation/naivelocation.go:190.30,192.17 2 1
github.com/mv-orchestration/scheduler/algorithms/naivelocation/naivelocation.go:196.3,196.48 1 1
github.com/mv-orchestration/scheduler/algorithms/naivelocation/naivelocation.go:201.3,202.42 2 1
github.com/mv-orchestration/scheduler/algorithms/naivelocation/naivelocation.go:192.17,194.12 1 0
github.com/mv-orchestration/scheduler/algorithms/naivelocation/naivelocation.go:196.48,198.12 1 0
github.com/mv-orchestration/scheduler/algorithms/naivelocation/naivelocation.go:206.99,207.36 1 1
github.com/mv-orchestration/scheduler/algorithms/naivelocation/naivelocation.go:207.36,209.17 2 1
github.com/mv-orchestration/scheduler/algorithms/naivelocation/naivelocation.go:213.3,213.42 1 1
github.com/mv-orchestration/scheduler/algorithms/naivelocation/naivelocation.go:209.17,211.12 1 1
github.com/mv-orchestration/scheduler/algorithms/naivelocation/naivelocation.go:217.55,218.57 1 1
github.com/mv-orchestration/scheduler/algorithms/naivelocation/naivelocation.go:222.2,222.58 1 1
github.com/mv-orchestration/scheduler/algorithms/naivelocation/naivelocation.go:226.2,226.11 1 1
github.com/mv-orchestration/scheduler/algorithms/naivelocation/naivelocation.go:218.57,220.3 1 1
github.com/mv-orchestration/scheduler/algorithms/naivelocation/naivelocation.go:222.58,224.3 1 1
github.com/mv-orchestration/scheduler/algorithms/naivelocation/naivelocation.go:229.58,234.2 4 1
github.com/mv-orchestration/scheduler/algorithms/naivelocation/naivelocation.go:236.82,237.70 1 1
github.com/mv-orchestration/scheduler/algorithms/naivelocation/naivelocation.go:241.2,241.71 1 1
github.com/mv-orchestration/scheduler/algorithms/naivelocation/naivelocation.go:245.2,245.95 1 1
github.com/mv-orchestration/scheduler/algorithms/naivelocation/naivelocation.go:237.70,239.3 1 0
github.com/mv-orchestration/scheduler/algorithms/naivelocation/naivelocation.go:241.71,243.3 1 1
github.com/mv-orchestration/scheduler/algorithms/naivelocation/naivelocation.go:248.44,250.21 2 1
github.com/mv-orchestration/scheduler/algorithms/naivelocation/naivelocation.go:253.2,253.13 1 1
github.com/mv-orchestration/scheduler/algorithms/naivelocation/naivelocation.go:250.21,252.3 1 1
